# JRE version: OpenJDK Runtime Environment Temurin-11.0.12+7 (11.0.12+7) (build 11.0.12+7)
# Java VM: OpenJDK 64-Bit Server VM Temurin-11.0.12+7 (11.0.12+7, mixed mode, tiered, compressed oops, g1 gc, windows-amd64)
Heap:
 garbage-first heap   total 158720K, used 66560K [0x00000000e0000000, 0x0000000100000000)
  region size 1024K, 4 young (4096K), 4 survivors (4096K)
 Metaspace       used 21572K, capacity 21886K, committed 22144K, reserved 1069056K
  class space    used 2206K, capacity 2351K, committed 2432K, reserved 1048576K
GC Heap History (20 events):
Event: 1.081 GC heap after
{Heap after GC invocations=3 (full 0):
 garbage-first heap   total 65536K, used 15780K [0x00000000e0000000, 0x0000000100000000)
  region size 1024K, 4 young (4096K), 4 survivors (4096K)
 Metaspace       used 20284K, capacity 20635K, committed 20736K, reserved 1067008K
  class space    used 2049K, capacity 2215K, committed 2304K, reserved 1048576K
}
Event: 1.232 GC heap before
{Heap before GC invocations=3 (full 0):
 garbage-first heap   total 65536K, used 39332K [0x00000000e0000000, 0x0000000100000000)
  region size 1024K, 27 young (27648K), 4 survivors (4096K)
 Metaspace       used 20405K, capacity 20711K, committed 20992K, reserved 1069056K
  class space    used 2054K, capacity 2217K, committed 2304K, reserved 1048576K
}
Event: 1.246 GC heap after
{Heap after GC invocations=4 (full 0):
 garbage-first heap   total 65536K, used 19174K [0x00000000e0000000, 0x0000000100000000)
  region size 1024K, 3 young (3072K), 3 survivors (3072K)
 Metaspace       used 20405K, capacity 20711K, committed 20992K, reserved 1069056K
  class space    used 2054K, capacity 2217K, committed 2304K, reserved 1048576K
}
Event: 1.368 GC heap before
{Heap before GC invocations=4 (full 0):
 garbage-first heap   total 65536K, used 42726K [0x00000000e0000000, 0x0000000100000000)
  region size 1024K, 26 young (26624K), 3 survivors (3072K)
 Metaspace       used 20461K, capacity 20776K, committed 20992K, reserved 1069056K
  class space    used 2057K, capacity 2217K, committed 2304K, reserved 1048576K
}
Event: 1.379 GC heap after
{Heap after GC invocations=5 (full 0):
 garbage-first heap   total 84992K, used 22437K [0x00000000e0000000, 0x0000000100000000)
  region size 1024K, 3 young (3072K), 3 survivors (3072K)
 Metaspace       used 20461K, capacity 20776K, committed 20992K, reserved 1069056K
  class space    used 2057K, capacity 2217K, committed 2304K, reserved 1048576K
}
Event: 1.557 GC heap before
{Heap before GC invocations=5 (full 0):
 garbage-first heap   total 84992K, used 55205K [0x00000000e0000000, 0x0000000100000000)
  region size 1024K, 31 young (31744K), 3 survivors (3072K)
 Metaspace       used 20735K, capacity 21067K, committed 21248K, reserved 1069056K
  class space    used 2091K, capacity 2250K, committed 2304K, reserved 1048576K
}
Event: 1.567 GC heap after
{Heap after GC invocations=6 (full 0):
 garbage-first heap   total 84992K, used 27063K [0x00000000e0000000, 0x0000000100000000)
  region size 1024K, 4 young (4096K), 4 survivors (4096K)
 Metaspace       used 20735K, capacity 21067K, committed 21248K, reserved 1069056K
  class space    used 2091K, capacity 2250K, committed 2304K, reserved 1048576K
}
Event: 1.713 GC heap before
{Heap before GC invocations=6 (full 0):
 garbage-first heap   total 84992K, used 55735K [0x00000000e0000000, 0x0000000100000000)
  region size 1024K, 32 young (32768K), 4 survivors (4096K)
 Metaspace       used 20738K, capacity 21067K, committed 21248K, reserved 1069056K
  class space    used 2091K, capacity 2250K, committed 2304K, reserved 1048576K
}
Event: 1.724 GC heap after
{Heap after GC invocations=7 (full 0):
 garbage-first heap   total 84992K, used 30914K [0x00000000e0000000, 0x0000000100000000)
  region size 1024K, 4 young (4096K), 4 survivors (4096K)
 Metaspace       used 20738K, capacity 21067K, committed 21248K, reserved 1069056K
  class space    used 2091K, capacity 2250K, committed 2304K, reserved 1048576K
}
Event: 1.851 GC heap before
{Heap before GC invocations=7 (full 0):
 garbage-first heap   total 84992K, used 58562K [0x00000000e0000000, 0x0000000100000000)
  region size 1024K, 31 young (31744K), 4 survivors (4096K)
 Metaspace       used 20740K, capacity 21131K, committed 21248K, reserved 1069056K
  class space    used 2091K, capacity 2250K, committed 2304K, reserved 1048576K
}
Event: 1.862 GC heap after
{Heap after GC invocations=8 (full 0):
 garbage-first heap   total 84992K, used 34480K [0x00000000e0000000, 0x0000000100000000)
  region size 1024K, 4 young (4096K), 4 survivors (4096K)
 Metaspace       used 20740K, capacity 21131K, committed 21248K, reserved 1069056K
  class space    used 2091K, capacity 2250K, committed 2304K, reserved 1048576K
}
Event: 1.905 GC heap before
{Heap before GC invocations=8 (full 0):
 garbage-first heap   total 84992K, used 41648K [0x00000000e0000000, 0x0000000100000000)
  region size 1024K, 12 young (12288K), 4 survivors (4096K)
 Metaspace       used 20815K, capacity 21137K, committed 21248K, reserved 1069056K
  class space    used 2101K, capacity 2251K, committed 2304K, reserved 1048576K
}
Event: 1.913 GC heap after
{Heap after GC invocations=9 (full 0):
 garbage-first heap   total 112640K, used 36105K [0x00000000e0000000, 0x0000000100000000)
  region size 1024K, 2 young (2048K), 2 survivors (2048K)
 Metaspace       used 20815K, capacity 21137K, committed 21248K, reserved 1069056K
  class space    used 2101K, capacity 2251K, committed 2304K, reserved 1048576K
}
Event: 2.151 GC heap before
{Heap before GC invocations=10 (full 0):
 garbage-first heap   total 112640K, used 71945K [0x00000000e0000000, 0x0000000100000000)
  region size 1024K, 37 young (37888K), 2 survivors (2048K)
 Metaspace       used 21304K, capacity 21662K, committed 21888K, reserved 1069056K
  class space    used 2172K, capacity 2319K, committed 2432K, reserved 1048576K
}
Event: 2.164 GC heap after
{Heap after GC invocations=11 (full 0):
 garbage-first heap   total 112640K, used 41289K [0x00000000e0000000, 0x0000000100000000)
  region size 1024K, 5 young (5120K), 5 survivors (5120K)
 Metaspace       used 21304K, capacity 21662K, committed 21888K, reserved 1069056K
  class space    used 2172K, capacity 2319K, committed 2432K, reserved 1048576K
}
Event: 2.297 GC heap before
{Heap before GC invocations=11 (full 0):
 garbage-first heap   total 112640K, used 79177K [0x00000000e0000000, 0x0000000100000000)
  region size 1024K, 43 young (44032K), 5 survivors (5120K)
 Metaspace       used 21322K, capacity 21662K, committed 21888K, reserved 1069056K
  class space    used 2172K, capacity 2319K, committed 2432K, reserved 1048576K
}
Event: 2.315 GC heap after
{Heap after GC invocations=12 (full 0):
 garbage-first heap   total 112640K, used 46800K [0x00000000e0000000, 0x0000000100000000)
  region size 1024K, 6 young (6144K), 6 survivors (6144K)
 Metaspace       used 21322K, capacity 21662K, committed 21888K, reserved 1069056K
  class space    used 2172K, capacity 2319K, committed 2432K, reserved 1048576K
}
Event: 2.508 GC heap before
{Heap before GC invocations=12 (full 0):
 garbage-first heap   total 112640K, used 81616K [0x00000000e0000000, 0x0000000100000000)
  region size 1024K, 41 young (41984K), 6 survivors (6144K)
 Metaspace       used 21561K, capacity 21886K, committed 22144K, reserved 1069056K
  class space    used 2206K, capacity 2351K, committed 2432K, reserved 1048576K
}
Event: 2.524 GC heap after
{Heap after GC invocations=13 (full 0):
 garbage-first heap   total 112640K, used 62464K [0x00000000e0000000, 0x0000000100000000)
  region size 1024K, 6 young (6144K), 6 survivors (6144K)
 Metaspace       used 21561K, capacity 21886K, committed 22144K, reserved 1069056K
  class space    used 2206K, capacity 2351K, committed 2432K, reserved 1048576K
}
Event: 2.561 GC heap before
{Heap before GC invocations=13 (full 0):
 garbage-first heap   total 112640K, used 84992K [0x00000000e0000000, 0x0000000100000000)
  region size 1024K, 29 young (29696K), 6 survivors (6144K)
 Metaspace       used 21572K, capacity 21886K, committed 22144K, reserved 1069056K
  class space    used 2206K, capacity 2351K, committed 2432K, reserved 1048576K
}

