# JRE version: OpenJDK Runtime Environment Temurin-11.0.12+7 (11.0.12+7) (build 11.0.12+7)
# Java VM: OpenJDK 64-Bit Server VM Temurin-11.0.12+7 (11.0.12+7, mixed mode, tiered, compressed oops, g1 gc, windows-amd64)
Heap:
 garbage-first heap   total 173056K, used 66048K [0x00000000e0000000, 0x0000000100000000)
  region size 1024K, 3 young (3072K), 3 survivors (3072K)
 Metaspace       used 21584K, capacity 21886K, committed 22144K, reserved 1069056K
  class space    used 2207K, capacity 2351K, committed 2432K, reserved 1048576K
GC Heap History (20 events):
Event: 1.363 GC heap after
{Heap after GC invocations=4 (full 0):
 garbage-first heap   total 65536K, used 19456K [0x00000000e0000000, 0x0000000100000000)
  region size 1024K, 3 young (3072K), 3 survivors (3072K)
 Metaspace       used 20417K, capacity 20711K, committed 20992K, reserved 1069056K
  class space    used 2054K, capacity 2217K, committed 2304K, reserved 1048576K
}
Event: 1.492 GC heap before
{Heap before GC invocations=4 (full 0):
 garbage-first heap   total 65536K, used 43008K [0x00000000e0000000, 0x0000000100000000)
  region size 1024K, 26 young (26624K), 3 survivors (3072K)
 Metaspace       used 20544K, capacity 20904K, committed 20992K, reserved 1069056K
  class space    used 2069K, capacity 2217K, committed 2304K, reserved 1048576K
}
Event: 1.501 GC heap after
{Heap after GC invocations=5 (full 0):
 garbage-first heap   total 65536K, used 22528K [0x00000000e0000000, 0x0000000100000000)
  region size 1024K, 3 young (3072K), 3 survivors (3072K)
 Metaspace       used 20544K, capacity 20904K, committed 20992K, reserved 1069056K
  class space    used 2069K, capacity 2217K, committed 2304K, reserved 1048576K
}
Event: 1.612 GC heap before
{Heap before GC invocations=5 (full 0):
 garbage-first heap   total 65536K, used 49152K [0x00000000e0000000, 0x0000000100000000)
  region size 1024K, 25 young (25600K), 3 survivors (3072K)
 Metaspace       used 20731K, capacity 21067K, committed 21248K, reserved 1069056K
  class space    used 2091K, capacity 2250K, committed 2304K, reserved 1048576K
}
Event: 1.621 GC heap after
{Heap after GC invocations=6 (full 0):
 garbage-first heap   total 78848K, used 26510K [0x00000000e0000000, 0x0000000100000000)
  region size 1024K, 3 young (3072K), 3 survivors (3072K)
 Metaspace       used 20731K, capacity 21067K, committed 21248K, reserved 1069056K
  class space    used 2091K, capacity 2250K, committed 2304K, reserved 1048576K
}
Event: 1.743 GC heap before
{Heap before GC invocations=6 (full 0):
 garbage-first heap   total 78848K, used 52110K [0x00000000e0000000, 0x0000000100000000)
  region size 1024K, 28 young (28672K), 3 survivors (3072K)
 Metaspace       used 20733K, capacity 21067K, committed 21248K, reserved 1069056K
  class space    used 2091K, capacity 2250K, committed 2304K, reserved 1048576K
}
Event: 1.751 GC heap after
{Heap after GC invocations=7 (full 0):
 garbage-first heap   total 78848K, used 29745K [0x00000000e0000000, 0x0000000100000000)
  region size 1024K, 4 young (4096K), 4 survivors (4096K)
 Metaspace       used 20733K, capacity 21067K, committed 21248K, reserved 1069056K
  class space    used 2091K, capacity 2250K, committed 2304K, reserved 1048576K
}
Event: 1.870 GC heap before
{Heap before GC invocations=7 (full 0):
 garbage-first heap   total 78848K, used 55345K [0x00000000e0000000, 0x0000000100000000)
  region size 1024K, 29 young (29696K), 4 survivors (4096K)
 Metaspace       used 20735K, capacity 21067K, committed 21248K, reserved 1069056K
  class space    used 2091K, capacity 2250K, committed 2304K, reserved 1048576K
}
Event: 1.881 GC heap after
{Heap after GC invocations=8 (full 0):
 garbage-first heap   total 78848K, used 32847K [0x00000000e0000000, 0x0000000100000000)
  region size 1024K, 4 young (4096K), 4 survivors (4096K)
 Metaspace       used 20735K, capacity 21067K, committed 21248K, reserved 1069056K
  class space    used 2091K, capacity 2250K, committed 2304K, reserved 1048576K
}
Event: 2.019 GC heap before
{Heap before GC invocations=8 (full 0):
 garbage-first heap   total 78848K, used 50255K [0x00000000e0000000, 0x0000000100000000)
  region size 1024K, 22 young (22528K), 4 survivors (4096K)
 Metaspace       used 20811K, capacity 21137K, committed 21248K, reserved 1069056K
  class space    used 2101K, capacity 2251K, committed 2304K, reserved 1048576K
}
Event: 2.031 GC heap after
{Heap after GC invocations=9 (full 0):
 garbage-first heap   total 78848K, used 35273K [0x00000000e0000000, 0x0000000100000000)
  region size 1024K, 3 young (3072K), 3 survivors (3072K)
 Metaspace       used 20811K, capacity 21137K, committed 21248K, reserved 1069056K
  class space    used 2101K, capacity 2251K, committed 2304K, reserved 1048576K
}
Event: 2.243 GC heap before
{Heap before GC invocations=10 (full 0):
 garbage-first heap   total 78848K, used 58825K [0x00000000e0000000, 0x0000000100000000)
  region size 1024K, 27 young (27648K), 3 survivors (3072K)
 Metaspace       used 21315K, capacity 21662K, committed 21888K, reserved 1069056K
  class space    used 2173K, capacity 2319K, committed 2432K, reserved 1048576K
}
Event: 2.255 GC heap after
{Heap after GC invocations=11 (full 0):
 garbage-first heap   total 102400K, used 39226K [0x00000000e0000000, 0x0000000100000000)
  region size 1024K, 4 young (4096K), 4 survivors (4096K)
 Metaspace       used 21315K, capacity 21662K, committed 21888K, reserved 1069056K
  class space    used 2173K, capacity 2319K, committed 2432K, reserved 1048576K
}
Event: 2.408 GC heap before
{Heap before GC invocations=11 (full 0):
 garbage-first heap   total 102400K, used 70970K [0x00000000e0000000, 0x0000000100000000)
  region size 1024K, 36 young (36864K), 4 survivors (4096K)
 Metaspace       used 21329K, capacity 21662K, committed 21888K, reserved 1069056K
  class space    used 2173K, capacity 2319K, committed 2432K, reserved 1048576K
}
Event: 2.423 GC heap after
{Heap after GC invocations=12 (full 0):
 garbage-first heap   total 102400K, used 43940K [0x00000000e0000000, 0x0000000100000000)
  region size 1024K, 5 young (5120K), 5 survivors (5120K)
 Metaspace       used 21329K, capacity 21662K, committed 21888K, reserved 1069056K
  class space    used 2173K, capacity 2319K, committed 2432K, reserved 1048576K
}
Event: 2.616 GC heap before
{Heap before GC invocations=12 (full 0):
 garbage-first heap   total 102400K, used 75684K [0x00000000e0000000, 0x0000000100000000)
  region size 1024K, 36 young (36864K), 5 survivors (5120K)
 Metaspace       used 21504K, capacity 21822K, committed 22144K, reserved 1069056K
  class space    used 2201K, capacity 2351K, committed 2432K, reserved 1048576K
}
Event: 2.638 GC heap after
{Heap after GC invocations=13 (full 0):
 garbage-first heap   total 102400K, used 57070K [0x00000000e0000000, 0x0000000100000000)
  region size 1024K, 5 young (5120K), 5 survivors (5120K)
 Metaspace       used 21504K, capacity 21822K, committed 22144K, reserved 1069056K
  class space    used 2201K, capacity 2351K, committed 2432K, reserved 1048576K
}
Event: 2.692 GC heap before
{Heap before GC invocations=13 (full 0):
 garbage-first heap   total 102400K, used 74478K [0x00000000e0000000, 0x0000000100000000)
  region size 1024K, 23 young (23552K), 5 survivors (5120K)
 Metaspace       used 21574K, capacity 21886K, committed 22144K, reserved 1069056K
  class space    used 2207K, capacity 2351K, committed 2432K, reserved 1048576K
}
Event: 2.709 GC heap after
{Heap after GC invocations=14 (full 0):
 garbage-first heap   total 102400K, used 62464K [0x00000000e0000000, 0x0000000100000000)
  region size 1024K, 3 young (3072K), 3 survivors (3072K)
 Metaspace       used 21574K, capacity 21886K, committed 22144K, reserved 1069056K
  class space    used 2207K, capacity 2351K, committed 2432K, reserved 1048576K
}
Event: 2.756 GC heap before
{Heap before GC invocations=14 (full 0):
 garbage-first heap   total 102400K, used 76800K [0x00000000e0000000, 0x0000000100000000)
  region size 1024K, 18 young (18432K), 3 survivors (3072K)
 Metaspace       used 21584K, capacity 21886K, committed 22144K, reserved 1069056K
  class space    used 2207K, capacity 2351K, committed 2432K, reserved 1048576K
}

