# JRE version: OpenJDK Runtime Environment Temurin-11.0.12+7 (11.0.12+7) (build 11.0.12+7)
# Java VM: OpenJDK 64-Bit Server VM Temurin-11.0.12+7 (11.0.12+7, mixed mode, tiered, compressed oops, g1 gc, windows-amd64)
Heap:
 garbage-first heap   total 214016K, used 160583K [0x00000000e0000000, 0x0000000100000000)
  region size 1024K, 21 young (21504K), 3 survivors (3072K)
 Metaspace       used 27375K, capacity 27845K, committed 27904K, reserved 1075200K
  class space    used 2834K, capacity 3029K, committed 3072K, reserved 1048576K
GC Heap History (20 events):
Event: 4.113 GC heap before
{Heap before GC invocations=19 (full 0):
 garbage-first heap   total 136192K, used 93945K [0x00000000e0000000, 0x0000000100000000)
  region size 1024K, 31 young (31744K), 1 survivors (1024K)
 Metaspace       used 21599K, capacity 21950K, committed 22144K, reserved 1069056K
  class space    used 2207K, capacity 2351K, committed 2432K, reserved 1048576K
}
Event: 4.124 GC heap after
{Heap after GC invocations=20 (full 0):
 garbage-first heap   total 136192K, used 78336K [0x00000000e0000000, 0x0000000100000000)
  region size 1024K, 4 young (4096K), 4 survivors (4096K)
 Metaspace       used 21599K, capacity 21950K, committed 22144K, reserved 1069056K
  class space    used 2207K, capacity 2351K, committed 2432K, reserved 1048576K
}
Event: 4.380 GC heap before
{Heap before GC invocations=21 (full 0):
 garbage-first heap   total 136192K, used 97792K [0x00000000e0000000, 0x0000000100000000)
  region size 1024K, 23 young (23552K), 4 survivors (4096K)
 Metaspace       used 24600K, capacity 24928K, committed 25088K, reserved 1071104K
  class space    used 2549K, capacity 2699K, committed 2816K, reserved 1048576K
}
Event: 4.386 GC heap after
{Heap after GC invocations=22 (full 0):
 garbage-first heap   total 182272K, used 81344K [0x00000000e0000000, 0x0000000100000000)
  region size 1024K, 2 young (2048K), 2 survivors (2048K)
 Metaspace       used 24600K, capacity 24928K, committed 25088K, reserved 1071104K
  class space    used 2549K, capacity 2699K, committed 2816K, reserved 1048576K
}
Event: 4.482 GC heap before
{Heap before GC invocations=22 (full 0):
 garbage-first heap   total 182272K, used 87488K [0x00000000e0000000, 0x0000000100000000)
  region size 1024K, 8 young (8192K), 2 survivors (2048K)
 Metaspace       used 24968K, capacity 25353K, committed 25600K, reserved 1073152K
  class space    used 2595K, capacity 2776K, committed 2816K, reserved 1048576K
}
Event: 4.485 GC heap after
{Heap after GC invocations=23 (full 0):
 garbage-first heap   total 182272K, used 82299K [0x00000000e0000000, 0x0000000100000000)
  region size 1024K, 1 young (1024K), 1 survivors (1024K)
 Metaspace       used 24968K, capacity 25353K, committed 25600K, reserved 1073152K
  class space    used 2595K, capacity 2776K, committed 2816K, reserved 1048576K
}
Event: 4.694 GC heap before
{Heap before GC invocations=23 (full 0):
 garbage-first heap   total 182272K, used 117115K [0x00000000e0000000, 0x0000000100000000)
  region size 1024K, 35 young (35840K), 1 survivors (1024K)
 Metaspace       used 25636K, capacity 26093K, committed 26240K, reserved 1073152K
  class space    used 2666K, capacity 2871K, committed 2944K, reserved 1048576K
}
Event: 4.697 GC heap after
{Heap after GC invocations=24 (full 0):
 garbage-first heap   total 182272K, used 83789K [0x00000000e0000000, 0x0000000100000000)
  region size 1024K, 3 young (3072K), 3 survivors (3072K)
 Metaspace       used 25636K, capacity 26093K, committed 26240K, reserved 1073152K
  class space    used 2666K, capacity 2871K, committed 2944K, reserved 1048576K
}
Event: 5.008 GC heap before
{Heap before GC invocations=24 (full 0):
 garbage-first heap   total 182272K, used 123725K [0x00000000e0000000, 0x0000000100000000)
  region size 1024K, 41 young (41984K), 3 survivors (3072K)
 Metaspace       used 26556K, capacity 27033K, committed 27392K, reserved 1073152K
  class space    used 2753K, capacity 2950K, committed 3072K, reserved 1048576K
}
Event: 5.017 GC heap after
{Heap after GC invocations=25 (full 0):
 garbage-first heap   total 182272K, used 94359K [0x00000000e0000000, 0x0000000100000000)
  region size 1024K, 6 young (6144K), 6 survivors (6144K)
 Metaspace       used 26556K, capacity 27033K, committed 27392K, reserved 1073152K
  class space    used 2753K, capacity 2950K, committed 3072K, reserved 1048576K
}
Event: 5.120 GC heap before
{Heap before GC invocations=25 (full 0):
 garbage-first heap   total 182272K, used 132247K [0x00000000e0000000, 0x0000000100000000)
  region size 1024K, 42 young (43008K), 6 survivors (6144K)
 Metaspace       used 26559K, capacity 27033K, committed 27392K, reserved 1073152K
  class space    used 2753K, capacity 2950K, committed 3072K, reserved 1048576K
}
Event: 5.128 GC heap after
{Heap after GC invocations=26 (full 0):
 garbage-first heap   total 182272K, used 100406K [0x00000000e0000000, 0x0000000100000000)
  region size 1024K, 5 young (5120K), 5 survivors (5120K)
 Metaspace       used 26559K, capacity 27033K, committed 27392K, reserved 1073152K
  class space    used 2753K, capacity 2950K, committed 3072K, reserved 1048576K
}
Event: 5.403 GC heap before
{Heap before GC invocations=26 (full 0):
 garbage-first heap   total 182272K, used 149558K [0x00000000e0000000, 0x0000000100000000)
  region size 1024K, 32 young (32768K), 5 survivors (5120K)
 Metaspace       used 26573K, capacity 27033K, committed 27392K, reserved 1073152K
  class space    used 2755K, capacity 2950K, committed 3072K, reserved 1048576K
}
Event: 5.421 GC heap after
{Heap after GC invocations=27 (full 0):
 garbage-first heap   total 182272K, used 133055K [0x00000000e0000000, 0x0000000100000000)
  region size 1024K, 5 young (5120K), 5 survivors (5120K)
 Metaspace       used 26573K, capacity 27033K, committed 27392K, reserved 1073152K
  class space    used 2755K, capacity 2950K, committed 3072K, reserved 1048576K
}
Event: 5.559 GC heap before
{Heap before GC invocations=28 (full 0):
 garbage-first heap   total 182272K, used 146367K [0x00000000e0000000, 0x0000000100000000)
  region size 1024K, 18 young (18432K), 5 survivors (5120K)
 Metaspace       used 26573K, capacity 27033K, committed 27392K, reserved 1073152K
  class space    used 2755K, capacity 2950K, committed 3072K, reserved 1048576K
}
Event: 5.577 GC heap after
{Heap after GC invocations=29 (full 0):
 garbage-first heap   total 182272K, used 142336K [0x00000000e0000000, 0x0000000100000000)
  region size 1024K, 3 young (3072K), 3 survivors (3072K)
 Metaspace       used 26573K, capacity 27033K, committed 27392K, reserved 1073152K
  class space    used 2755K, capacity 2950K, committed 3072K, reserved 1048576K
}
Event: 5.637 GC heap before
{Heap before GC invocations=29 (full 0):
 garbage-first heap   total 182272K, used 149504K [0x00000000e0000000, 0x0000000100000000)
  region size 1024K, 8 young (8192K), 3 survivors (3072K)
 Metaspace       used 26840K, capacity 27231K, committed 27392K, reserved 1073152K
  class space    used 2783K, capacity 2952K, committed 3072K, reserved 1048576K
}
Event: 5.654 GC heap after
{Heap after GC invocations=30 (full 0):
 garbage-first heap   total 214016K, used 138214K [0x00000000e0000000, 0x0000000100000000)
  region size 1024K, 1 young (1024K), 1 survivors (1024K)
 Metaspace       used 26840K, capacity 27231K, committed 27392K, reserved 1073152K
  class space    used 2783K, capacity 2952K, committed 3072K, reserved 1048576K
}
Event: 5.808 GC heap before
{Heap before GC invocations=30 (full 0):
 garbage-first heap   total 214016K, used 157670K [0x00000000e0000000, 0x0000000100000000)
  region size 1024K, 20 young (20480K), 1 survivors (1024K)
 Metaspace       used 26874K, capacity 27239K, committed 27392K, reserved 1073152K
  class space    used 2786K, capacity 2954K, committed 3072K, reserved 1048576K
}
Event: 5.816 GC heap after
{Heap after GC invocations=31 (full 0):
 garbage-first heap   total 214016K, used 143175K [0x00000000e0000000, 0x0000000100000000)
  region size 1024K, 3 young (3072K), 3 survivors (3072K)
 Metaspace       used 26874K, capacity 27239K, committed 27392K, reserved 1073152K
  class space    used 2786K, capacity 2954K, committed 3072K, reserved 1048576K
}

