# JRE version: OpenJDK Runtime Environment Temurin-11.0.12+7 (11.0.12+7) (build 11.0.12+7)
# Java VM: OpenJDK 64-Bit Server VM Temurin-11.0.12+7 (11.0.12+7, mixed mode, tiered, compressed oops, g1 gc, windows-amd64)
Heap:
 garbage-first heap   total 178176K, used 71559K [0x00000000e0000000, 0x0000000100000000)
  region size 1024K, 3 young (3072K), 3 survivors (3072K)
 Metaspace       used 21606K, capacity 21886K, committed 22144K, reserved 1069056K
  class space    used 2207K, capacity 2351K, committed 2432K, reserved 1048576K
GC Heap History (20 events):
Event: 4.526 GC heap after
{Heap after GC invocations=9 (full 0):
 garbage-first heap   total 84992K, used 36486K [0x00000000e0000000, 0x0000000100000000)
  region size 1024K, 3 young (3072K), 3 survivors (3072K)
 Metaspace       used 20843K, capacity 21137K, committed 21248K, reserved 1069056K
  class space    used 2101K, capacity 2251K, committed 2304K, reserved 1048576K
}
Event: 4.821 GC heap before
{Heap before GC invocations=10 (full 0):
 garbage-first heap   total 84992K, used 61062K [0x00000000e0000000, 0x0000000100000000)
  region size 1024K, 28 young (28672K), 3 survivors (3072K)
 Metaspace       used 21306K, capacity 21662K, committed 21888K, reserved 1069056K
  class space    used 2173K, capacity 2319K, committed 2432K, reserved 1048576K
}
Event: 4.832 GC heap after
{Heap after GC invocations=11 (full 0):
 garbage-first heap   total 84992K, used 39936K [0x00000000e0000000, 0x0000000100000000)
  region size 1024K, 4 young (4096K), 4 survivors (4096K)
 Metaspace       used 21306K, capacity 21662K, committed 21888K, reserved 1069056K
  class space    used 2173K, capacity 2319K, committed 2432K, reserved 1048576K
}
Event: 4.838 GC heap before
{Heap before GC invocations=11 (full 0):
 garbage-first heap   total 84992K, used 39936K [0x00000000e0000000, 0x0000000100000000)
  region size 1024K, 5 young (5120K), 4 survivors (4096K)
 Metaspace       used 21307K, capacity 21662K, committed 21888K, reserved 1069056K
  class space    used 2173K, capacity 2319K, committed 2432K, reserved 1048576K
}
Event: 4.847 GC heap after
{Heap after GC invocations=12 (full 0):
 garbage-first heap   total 84992K, used 40654K [0x00000000e0000000, 0x0000000100000000)
  region size 1024K, 1 young (1024K), 1 survivors (1024K)
 Metaspace       used 21307K, capacity 21662K, committed 21888K, reserved 1069056K
  class space    used 2173K, capacity 2319K, committed 2432K, reserved 1048576K
}
Event: 4.970 GC heap before
{Heap before GC invocations=12 (full 0):
 garbage-first heap   total 84992K, used 63182K [0x00000000e0000000, 0x0000000100000000)
  region size 1024K, 24 young (24576K), 1 survivors (1024K)
 Metaspace       used 21332K, capacity 21662K, committed 21888K, reserved 1069056K
  class space    used 2173K, capacity 2319K, committed 2432K, reserved 1048576K
}
Event: 4.981 GC heap after
{Heap after GC invocations=13 (full 0):
 garbage-first heap   total 84992K, used 43380K [0x00000000e0000000, 0x0000000100000000)
  region size 1024K, 3 young (3072K), 3 survivors (3072K)
 Metaspace       used 21332K, capacity 21662K, committed 21888K, reserved 1069056K
  class space    used 2173K, capacity 2319K, committed 2432K, reserved 1048576K
}
Event: 5.090 GC heap before
{Heap before GC invocations=14 (full 0):
 garbage-first heap   total 84992K, used 63860K [0x00000000e0000000, 0x0000000100000000)
  region size 1024K, 24 young (24576K), 3 survivors (3072K)
 Metaspace       used 21340K, capacity 21662K, committed 21888K, reserved 1069056K
  class space    used 2173K, capacity 2319K, committed 2432K, reserved 1048576K
}
Event: 5.102 GC heap after
{Heap after GC invocations=15 (full 0):
 garbage-first heap   total 84992K, used 46642K [0x00000000e0000000, 0x0000000100000000)
  region size 1024K, 3 young (3072K), 3 survivors (3072K)
 Metaspace       used 21340K, capacity 21662K, committed 21888K, reserved 1069056K
  class space    used 2173K, capacity 2319K, committed 2432K, reserved 1048576K
}
Event: 5.104 GC heap before
{Heap before GC invocations=15 (full 0):
 garbage-first heap   total 84992K, used 47666K [0x00000000e0000000, 0x0000000100000000)
  region size 1024K, 4 young (4096K), 3 survivors (3072K)
 Metaspace       used 21340K, capacity 21662K, committed 21888K, reserved 1069056K
  class space    used 2173K, capacity 2319K, committed 2432K, reserved 1048576K
}
Event: 5.112 GC heap after
{Heap after GC invocations=16 (full 0):
 garbage-first heap   total 84992K, used 46405K [0x00000000e0000000, 0x0000000100000000)
  region size 1024K, 1 young (1024K), 1 survivors (1024K)
 Metaspace       used 21340K, capacity 21662K, committed 21888K, reserved 1069056K
  class space    used 2173K, capacity 2319K, committed 2432K, reserved 1048576K
}
Event: 5.331 GC heap before
{Heap before GC invocations=16 (full 0):
 garbage-first heap   total 84992K, used 64837K [0x00000000e0000000, 0x0000000100000000)
  region size 1024K, 20 young (20480K), 1 survivors (1024K)
 Metaspace       used 21587K, capacity 21886K, committed 22144K, reserved 1069056K
  class space    used 2207K, capacity 2351K, committed 2432K, reserved 1048576K
}
Event: 5.348 GC heap after
{Heap after GC invocations=17 (full 0):
 garbage-first heap   total 110592K, used 60416K [0x00000000e0000000, 0x0000000100000000)
  region size 1024K, 3 young (3072K), 3 survivors (3072K)
 Metaspace       used 21587K, capacity 21886K, committed 22144K, reserved 1069056K
  class space    used 2207K, capacity 2351K, committed 2432K, reserved 1048576K
}
Event: 5.420 GC heap before
{Heap before GC invocations=17 (full 0):
 garbage-first heap   total 110592K, used 77824K [0x00000000e0000000, 0x0000000100000000)
  region size 1024K, 21 young (21504K), 3 survivors (3072K)
 Metaspace       used 21591K, capacity 21886K, committed 22144K, reserved 1069056K
  class space    used 2207K, capacity 2351K, committed 2432K, reserved 1048576K
}
Event: 5.432 GC heap after
{Heap after GC invocations=18 (full 0):
 garbage-first heap   total 110592K, used 62824K [0x00000000e0000000, 0x0000000100000000)
  region size 1024K, 3 young (3072K), 3 survivors (3072K)
 Metaspace       used 21591K, capacity 21886K, committed 22144K, reserved 1069056K
  class space    used 2207K, capacity 2351K, committed 2432K, reserved 1048576K
}
Event: 5.513 GC heap before
{Heap before GC invocations=19 (full 0):
 garbage-first heap   total 110592K, used 80232K [0x00000000e0000000, 0x0000000100000000)
  region size 1024K, 21 young (21504K), 3 survivors (3072K)
 Metaspace       used 21602K, capacity 21886K, committed 22144K, reserved 1069056K
  class space    used 2207K, capacity 2351K, committed 2432K, reserved 1048576K
}
Event: 5.525 GC heap after
{Heap after GC invocations=20 (full 0):
 garbage-first heap   total 110592K, used 66322K [0x00000000e0000000, 0x0000000100000000)
  region size 1024K, 3 young (3072K), 3 survivors (3072K)
 Metaspace       used 21602K, capacity 21886K, committed 22144K, reserved 1069056K
  class space    used 2207K, capacity 2351K, committed 2432K, reserved 1048576K
}
Event: 5.600 GC heap before
{Heap before GC invocations=20 (full 0):
 garbage-first heap   total 110592K, used 82706K [0x00000000e0000000, 0x0000000100000000)
  region size 1024K, 20 young (20480K), 3 survivors (3072K)
 Metaspace       used 21602K, capacity 21886K, committed 22144K, reserved 1069056K
  class space    used 2207K, capacity 2351K, committed 2432K, reserved 1048576K
}
Event: 5.609 GC heap after
{Heap after GC invocations=21 (full 0):
 garbage-first heap   total 110592K, used 68516K [0x00000000e0000000, 0x0000000100000000)
  region size 1024K, 3 young (3072K), 3 survivors (3072K)
 Metaspace       used 21602K, capacity 21886K, committed 22144K, reserved 1069056K
  class space    used 2207K, capacity 2351K, committed 2432K, reserved 1048576K
}
Event: 5.703 GC heap before
{Heap before GC invocations=21 (full 0):
 garbage-first heap   total 110592K, used 85924K [0x00000000e0000000, 0x0000000100000000)
  region size 1024K, 20 young (20480K), 3 survivors (3072K)
 Metaspace       used 21606K, capacity 21886K, committed 22144K, reserved 1069056K
  class space    used 2207K, capacity 2351K, committed 2432K, reserved 1048576K
}

