# JRE version: OpenJDK Runtime Environment Temurin-11.0.12+7 (11.0.12+7) (build 11.0.12+7)
# Java VM: OpenJDK 64-Bit Server VM Temurin-11.0.12+7 (11.0.12+7, mixed mode, tiered, compressed oops, g1 gc, windows-amd64)
Heap:
 garbage-first heap   total 65536K, used 24242K [0x00000000e0000000, 0x0000000100000000)
  region size 1024K, 9 young (9216K), 4 survivors (4096K)
 Metaspace       used 20437K, capacity 20775K, committed 20992K, reserved 1069056K
  class space    used 2054K, capacity 2217K, committed 2304K, reserved 1048576K
GC Heap History (8 events):
Event: 0.866 GC heap before
{Heap before GC invocations=0 (full 0):
 garbage-first heap   total 65536K, used 24576K [0x00000000e0000000, 0x0000000100000000)
  region size 1024K, 24 young (24576K), 0 survivors (0K)
 Metaspace       used 12544K, capacity 12733K, committed 12928K, reserved 1060864K
  class space    used 1210K, capacity 1286K, committed 1408K, reserved 1048576K
}
Event: 0.874 GC heap after
{Heap after GC invocations=1 (full 0):
 garbage-first heap   total 65536K, used 6651K [0x00000000e0000000, 0x0000000100000000)
  region size 1024K, 3 young (3072K), 3 survivors (3072K)
 Metaspace       used 12544K, capacity 12733K, committed 12928K, reserved 1060864K
  class space    used 1210K, capacity 1286K, committed 1408K, reserved 1048576K
}
Event: 1.371 GC heap before
{Heap before GC invocations=1 (full 0):
 garbage-first heap   total 65536K, used 32251K [0x00000000e0000000, 0x0000000100000000)
  region size 1024K, 28 young (28672K), 3 survivors (3072K)
 Metaspace       used 18908K, capacity 19171K, committed 19328K, reserved 1067008K
  class space    used 1938K, capacity 2075K, committed 2176K, reserved 1048576K
}
Event: 1.386 GC heap after
{Heap after GC invocations=2 (full 0):
 garbage-first heap   total 65536K, used 11264K [0x00000000e0000000, 0x0000000100000000)
  region size 1024K, 4 young (4096K), 4 survivors (4096K)
 Metaspace       used 18908K, capacity 19171K, committed 19328K, reserved 1067008K
  class space    used 1938K, capacity 2075K, committed 2176K, reserved 1048576K
}
Event: 2.302 GC heap before
{Heap before GC invocations=2 (full 0):
 garbage-first heap   total 65536K, used 34816K [0x00000000e0000000, 0x0000000100000000)
  region size 1024K, 28 young (28672K), 4 survivors (4096K)
 Metaspace       used 20306K, capacity 20636K, committed 20736K, reserved 1067008K
  class space    used 2049K, capacity 2215K, committed 2304K, reserved 1048576K
}
Event: 2.326 GC heap after
{Heap after GC invocations=3 (full 0):
 garbage-first heap   total 65536K, used 16222K [0x00000000e0000000, 0x0000000100000000)
  region size 1024K, 4 young (4096K), 4 survivors (4096K)
 Metaspace       used 20306K, capacity 20636K, committed 20736K, reserved 1067008K
  class space    used 2049K, capacity 2215K, committed 2304K, reserved 1048576K
}
Event: 2.702 GC heap before
{Heap before GC invocations=3 (full 0):
 garbage-first heap   total 65536K, used 39774K [0x00000000e0000000, 0x0000000100000000)
  region size 1024K, 27 young (27648K), 4 survivors (4096K)
 Metaspace       used 20435K, capacity 20775K, committed 20992K, reserved 1069056K
  class space    used 2054K, capacity 2217K, committed 2304K, reserved 1048576K
}
Event: 2.720 GC heap after
{Heap after GC invocations=4 (full 0):
 garbage-first heap   total 65536K, used 20146K [0x00000000e0000000, 0x0000000100000000)
  region size 1024K, 4 young (4096K), 4 survivors (4096K)
 Metaspace       used 20435K, capacity 20775K, committed 20992K, reserved 1069056K
  class space    used 2054K, capacity 2217K, committed 2304K, reserved 1048576K
}

